<?xml version="1.0" encoding="UTF-8"?>
<!-- Generated by org.testng.reporters.JUnitReportReporter -->
<testsuite hostname="LAPTOP-PSK043T1" failures="0" tests="17" name="test_android_suite.TestCase_BankAppDemo" time="46.982" errors="0" timestamp="2023-05-24T16:10:28 CST" skipped="0">
  <testcase classname="test_android_suite.TestCase_BankAppDemo" name="BAD_01_testStep01" time="12.620"/>
  <system-out/>
  <testcase classname="test_android_suite.TestCase_BankAppDemo" name="BAD_01_testStep02" time="9.385"/>
  <system-out/>
  <testcase classname="test_android_suite.TestCase_BankAppDemo" name="BAD_01_testStep03" time="3.207"/>
  <system-out/>
  <testcase classname="test_android_suite.TestCase_BankAppDemo" name="BAD_01_testStep04" time="1.811"/>
  <system-out/>
  <testcase classname="test_android_suite.TestCase_BankAppDemo" name="BAD_02_testStep01" time="0.414"/>
  <system-out/>
  <testcase classname="test_android_suite.TestCase_BankAppDemo" name="BAD_02_testStep02" time="0.437"/>
  <system-out/>
  <testcase classname="test_android_suite.TestCase_BankAppDemo" name="BAD_02_testStep03" time="0.528"/>
  <system-out/>
  <testcase classname="test_android_suite.TestCase_BankAppDemo" name="BAD_02_testStep04" time="5.570"/>
  <system-out/>
  <testcase classname="test_android_suite.TestCase_BankAppDemo" name="BAD_02_testStep05" time="1.139"/>
  <system-out/>
  <testcase classname="test_android_suite.TestCase_BankAppDemo" name="BAD_03_testStep01" time="0.450"/>
  <system-out/>
  <testcase classname="test_android_suite.TestCase_BankAppDemo" name="BAD_03_testStep02" time="0.441"/>
  <system-out/>
  <testcase classname="test_android_suite.TestCase_BankAppDemo" name="BAD_03_testStep03" time="0.691"/>
  <system-out/>
  <testcase classname="test_android_suite.TestCase_BankAppDemo" name="BAD_03_testStep04" time="1.258"/>
  <system-out/>
  <testcase classname="test_android_suite.TestCase_BankAppDemo" name="BAD_03_testStep05" time="0.888"/>
  <system-out/>
  <testcase classname="test_android_suite.TestCase_BankAppDemo" name="BAD_03_testStep06" time="5.486"/>
  <system-out/>
  <testcase classname="test_android_suite.TestCase_BankAppDemo" name="BAD_03_testStep07" time="1.896"/>
  <system-out/>
  <testcase classname="test_android_suite.TestCase_BankAppDemo" name="BAD_03_testStep08" time="0.761"/>
  <system-out/>
</testsuite> <!-- test_android_suite.TestCase_BankAppDemo -->
